{"total": {"lines":{"total":32,"covered":32,"skipped":0,"pct":100},"statements":{"total":36,"covered":36,"skipped":0,"pct":100},"functions":{"total":4,"covered":4,"skipped":0,"pct":100},"branches":{"total":36,"covered":32,"skipped":0,"pct":88.88},"branchesTrue":{"total":0,"covered":0,"skipped":0,"pct":100}}
,"/Users/jose/Documents/Projetos/Arquiteturas/archref-backend/src/app.controller.ts": {"lines":{"total":7,"covered":7,"skipped":0,"pct":100},"functions":{"total":1,"covered":1,"skipped":0,"pct":100},"statements":{"total":9,"covered":9,"skipped":0,"pct":100},"branches":{"total":0,"covered":0,"skipped":0,"pct":100}}
,"/Users/jose/Documents/Projetos/Arquiteturas/archref-backend/src/api/filters/http-exception.dto.ts": {"lines":{"total":5,"covered":5,"skipped":0,"pct":100},"functions":{"total":0,"covered":0,"skipped":0,"pct":100},"statements":{"total":5,"covered":5,"skipped":0,"pct":100},"branches":{"total":0,"covered":0,"skipped":0,"pct":100}}
,"/Users/jose/Documents/Projetos/Arquiteturas/archref-backend/src/api/filters/http-exception.filter.ts": {"lines":{"total":8,"covered":8,"skipped":0,"pct":100},"functions":{"total":1,"covered":1,"skipped":0,"pct":100},"statements":{"total":10,"covered":10,"skipped":0,"pct":100},"branches":{"total":0,"covered":0,"skipped":0,"pct":100}}
,"/Users/jose/Documents/Projetos/Arquiteturas/archref-backend/src/api/utils/date.utils.ts": {"lines":{"total":12,"covered":12,"skipped":0,"pct":100},"functions":{"total":2,"covered":2,"skipped":0,"pct":100},"statements":{"total":12,"covered":12,"skipped":0,"pct":100},"branches":{"total":36,"covered":32,"skipped":0,"pct":88.88}}
}
